  ofxAddonTemplateCustomApp.cpp
  main.cpp
  ofApp.cpp
f:\openframeworks\libs\openframeworks\math\ofmatrix4x4.h(326): warning C4267: 'argument': conversion from 'size_t' to 'int', possible loss of data (compiling source file src\main.cpp)
f:\openframeworks\libs\openframeworks\math\ofmatrix4x4.h(331): warning C4267: 'argument': conversion from 'size_t' to 'int', possible loss of data (compiling source file src\main.cpp)
f:\openframeworks\libs\openframeworks\math\ofmatrix4x4.h(912): warning C4267: 'argument': conversion from 'size_t' to 'int', possible loss of data (compiling source file src\main.cpp)
f:\openframeworks\libs\openframeworks\math\ofmatrix4x4.h(913): warning C4267: 'argument': conversion from 'size_t' to 'int', possible loss of data (compiling source file src\main.cpp)
f:\openframeworks\libs\openframeworks\math\ofmatrix4x4.h(914): warning C4267: 'argument': conversion from 'size_t' to 'int', possible loss of data (compiling source file src\main.cpp)
f:\openframeworks\libs\openframeworks\math\ofmatrix4x4.h(915): warning C4267: 'argument': conversion from 'size_t' to 'int', possible loss of data (compiling source file src\main.cpp)
f:\openframeworks\libs\openframeworks\math\ofmatrix4x4.h(326): warning C4267: 'argument': conversion from 'size_t' to 'int', possible loss of data (compiling source file ..\..\..\addons\ofxAddonTemplateCustomApp\src\ofxAddonTemplateCustomApp.cpp)
f:\openframeworks\libs\openframeworks\math\ofmatrix4x4.h(331): warning C4267: 'argument': conversion from 'size_t' to 'int', possible loss of data (compiling source file ..\..\..\addons\ofxAddonTemplateCustomApp\src\ofxAddonTemplateCustomApp.cpp)
f:\openframeworks\libs\openframeworks\math\ofmatrix4x4.h(912): warning C4267: 'argument': conversion from 'size_t' to 'int', possible loss of data (compiling source file ..\..\..\addons\ofxAddonTemplateCustomApp\src\ofxAddonTemplateCustomApp.cpp)
f:\openframeworks\libs\openframeworks\math\ofmatrix4x4.h(913): warning C4267: 'argument': conversion from 'size_t' to 'int', possible loss of data (compiling source file ..\..\..\addons\ofxAddonTemplateCustomApp\src\ofxAddonTemplateCustomApp.cpp)
f:\openframeworks\libs\openframeworks\math\ofmatrix4x4.h(914): warning C4267: 'argument': conversion from 'size_t' to 'int', possible loss of data (compiling source file ..\..\..\addons\ofxAddonTemplateCustomApp\src\ofxAddonTemplateCustomApp.cpp)
f:\openframeworks\libs\openframeworks\math\ofmatrix4x4.h(915): warning C4267: 'argument': conversion from 'size_t' to 'int', possible loss of data (compiling source file ..\..\..\addons\ofxAddonTemplateCustomApp\src\ofxAddonTemplateCustomApp.cpp)
f:\openframeworks\libs\openframeworks\math\ofmatrix4x4.h(326): warning C4267: 'argument': conversion from 'size_t' to 'int', possible loss of data (compiling source file src\ofApp.cpp)
f:\openframeworks\libs\openframeworks\math\ofmatrix4x4.h(331): warning C4267: 'argument': conversion from 'size_t' to 'int', possible loss of data (compiling source file src\ofApp.cpp)
f:\openframeworks\libs\openframeworks\math\ofmatrix4x4.h(912): warning C4267: 'argument': conversion from 'size_t' to 'int', possible loss of data (compiling source file src\ofApp.cpp)
f:\openframeworks\libs\openframeworks\math\ofmatrix4x4.h(913): warning C4267: 'argument': conversion from 'size_t' to 'int', possible loss of data (compiling source file src\ofApp.cpp)
f:\openframeworks\libs\openframeworks\math\ofmatrix4x4.h(914): warning C4267: 'argument': conversion from 'size_t' to 'int', possible loss of data (compiling source file src\ofApp.cpp)
f:\openframeworks\libs\openframeworks\math\ofmatrix4x4.h(915): warning C4267: 'argument': conversion from 'size_t' to 'int', possible loss of data (compiling source file src\ofApp.cpp)
f:\openframeworks\libs\openframeworks\graphics\ofpolyline.inl(409): warning C4267: '=': conversion from 'size_t' to 'int', possible loss of data (compiling source file src\main.cpp)
  f:\openframeworks\libs\openframeworks\graphics\ofpolyline.inl(331): note: while compiling class template member function 'void ofPolyline_<ofDefaultVertexType>::arc(const T &,float,float,float,float,bool,int)'
          with
          [
              T=ofDefaultVertexType
          ] (compiling source file src\main.cpp)
  f:\openframeworks\libs\openframeworks\graphics\ofpolyline.h(222): note: see reference to function template instantiation 'void ofPolyline_<ofDefaultVertexType>::arc(const T &,float,float,float,float,bool,int)' being compiled
          with
          [
              T=ofDefaultVertexType
          ] (compiling source file src\main.cpp)
  f:\openframeworks\libs\openframeworks\gl\ofglrenderer.h(232): note: see reference to class template instantiation 'ofPolyline_<ofDefaultVertexType>' being compiled (compiling source file src\main.cpp)
f:\openframeworks\libs\openframeworks\graphics\ofpolyline.inl(409): warning C4267: '=': conversion from 'size_t' to 'int', possible loss of data (compiling source file src\ofApp.cpp)
  f:\openframeworks\libs\openframeworks\graphics\ofpolyline.inl(331): note: while compiling class template member function 'void ofPolyline_<ofDefaultVertexType>::arc(const T &,float,float,float,float,bool,int)'
          with
          [
              T=ofDefaultVertexType
          ] (compiling source file src\ofApp.cpp)
  f:\openframeworks\libs\openframeworks\graphics\ofpolyline.h(222): note: see reference to function template instantiation 'void ofPolyline_<ofDefaultVertexType>::arc(const T &,float,float,float,float,bool,int)' being compiled
          with
          [
              T=ofDefaultVertexType
          ] (compiling source file src\ofApp.cpp)
  f:\openframeworks\libs\openframeworks\gl\ofglrenderer.h(232): note: see reference to class template instantiation 'ofPolyline_<ofDefaultVertexType>' being compiled (compiling source file src\ofApp.cpp)
f:\openframeworks\libs\openframeworks\graphics\ofpolyline.inl(409): warning C4267: '=': conversion from 'size_t' to 'int', possible loss of data (compiling source file ..\..\..\addons\ofxAddonTemplateCustomApp\src\ofxAddonTemplateCustomApp.cpp)
  f:\openframeworks\libs\openframeworks\graphics\ofpolyline.inl(331): note: while compiling class template member function 'void ofPolyline_<ofDefaultVertexType>::arc(const T &,float,float,float,float,bool,int)'
          with
          [
              T=ofDefaultVertexType
          ] (compiling source file ..\..\..\addons\ofxAddonTemplateCustomApp\src\ofxAddonTemplateCustomApp.cpp)
  f:\openframeworks\libs\openframeworks\graphics\ofpolyline.h(222): note: see reference to function template instantiation 'void ofPolyline_<ofDefaultVertexType>::arc(const T &,float,float,float,float,bool,int)' being compiled
          with
          [
              T=ofDefaultVertexType
          ] (compiling source file ..\..\..\addons\ofxAddonTemplateCustomApp\src\ofxAddonTemplateCustomApp.cpp)
  f:\openframeworks\libs\openframeworks\gl\ofglrenderer.h(232): note: see reference to class template instantiation 'ofPolyline_<ofDefaultVertexType>' being compiled (compiling source file ..\..\..\addons\ofxAddonTemplateCustomApp\src\ofxAddonTemplateCustomApp.cpp)
  example-Basic.vcxproj -> F:\openFrameworks\addons\ofxAddonTemplateCustomApp\example-Basic\bin\example-Basic_debug.exe
  
  	                   2	F:\openFrameworks\libs\fmodex\lib\vs\x64\
  	  *EXTRA File 		 6942208	F:\openFrameworks\addons\ofxAddonTemplateCustomApp\example-Basic\bin\FreeImage.dll
  
  	                   1	F:\openFrameworks\libs\FreeImage\lib\vs\x64\
  	  *EXTRA File 		 1503232	F:\openFrameworks\addons\ofxAddonTemplateCustomApp\example-Basic\bin\fmodex64.dll
  	  *EXTRA File 		 1552384	F:\openFrameworks\addons\ofxAddonTemplateCustomApp\example-Basic\bin\fmodexL64.dll
